<?xml version="1.0" encoding="UTF-8"?>
<testExecutions version="1">
  <file path="/home/chalfel/Projects/ts-express-typeorm-boilerplate/tests/unit/user.service.test.ts">
    <testCase name="UserService Test" duration="3"/>
  </file>
</testExecutions>